<?xml version="1.0" encoding="UTF-8"?>
<testsuite name="RuleEngineTest" tests="2" skipped="0" failures="0" errors="0" timestamp="2020-07-03T09:59:08" hostname="tomas-ThinkPad-T430s" time="0.045">
  <properties/>
  <testcase name="ruleEngineDiabetesDeadTest" classname="RuleEngineTest" time="0.039"/>
  <testcase name="ruleEngineFeverTest" classname="RuleEngineTest" time="0.005"/>
  <system-out><![CDATA[H:1,X:1
D:1,H:1
]]></system-out>
  <system-err><![CDATA[]]></system-err>
</testsuite>
